This is pdfTeX, Version 3.14159265-2.6-1.40.16 (TeX Live 2015/Debian) (preloaded format=pdflatex 2018.7.27)  7 OCT 2018 15:30
entering extended mode
 restricted \write18 enabled.
 %&-line parsing enabled.
**Project_Report.tex
(./Project_Report.tex
LaTeX2e <2016/02/01>
Babel <3.9q> and hyphenation patterns for 81 language(s) loaded.
(/usr/share/texlive/texmf-dist/tex/latex/base/article.cls
Document Class: article 2014/09/29 v1.4h Standard LaTeX document class
(/usr/share/texlive/texmf-dist/tex/latex/base/size11.clo
File: size11.clo 2014/09/29 v1.4h Standard LaTeX file (size option)
)
\c@part=\count79
\c@section=\count80
\c@subsection=\count81
\c@subsubsection=\count82
\c@paragraph=\count83
\c@subparagraph=\count84
\c@figure=\count85
\c@table=\count86
\abovecaptionskip=\skip41
\belowcaptionskip=\skip42
\bibindent=\dimen102
)
(/usr/share/texlive/texmf-dist/tex/latex/graphics/graphicx.sty
Package: graphicx 2014/10/28 v1.0g Enhanced LaTeX Graphics (DPC,SPQR)

(/usr/share/texlive/texmf-dist/tex/latex/graphics/keyval.sty
Package: keyval 2014/10/28 v1.15 key=value parser (DPC)
\KV@toks@=\toks14
)
(/usr/share/texlive/texmf-dist/tex/latex/graphics/graphics.sty
Package: graphics 2016/01/03 v1.0q Standard LaTeX Graphics (DPC,SPQR)

(/usr/share/texlive/texmf-dist/tex/latex/graphics/trig.sty
Package: trig 2016/01/03 v1.10 sin cos tan (DPC)
)
(/usr/share/texlive/texmf-dist/tex/latex/latexconfig/graphics.cfg
File: graphics.cfg 2010/04/23 v1.9 graphics configuration of TeX Live
)
Package graphics Info: Driver file: pdftex.def on input line 95.

(/usr/share/texlive/texmf-dist/tex/latex/pdftex-def/pdftex.def
File: pdftex.def 2011/05/27 v0.06d Graphics/color for pdfTeX

(/usr/share/texlive/texmf-dist/tex/generic/oberdiek/infwarerr.sty
Package: infwarerr 2010/04/08 v1.3 Providing info/warning/error messages (HO)
)
(/usr/share/texlive/texmf-dist/tex/generic/oberdiek/ltxcmds.sty
Package: ltxcmds 2011/11/09 v1.22 LaTeX kernel commands for general use (HO)
)
\Gread@gobject=\count87
))
\Gin@req@height=\dimen103
\Gin@req@width=\dimen104
)
(/usr/share/texlive/texmf-dist/tex/latex/adjustbox/adjustbox.sty
Package: adjustbox 2012/05/21 v1.0 Adjusting TeX boxes (trim, clip, ...)

(/usr/share/texlive/texmf-dist/tex/latex/xkeyval/xkeyval.sty
Package: xkeyval 2014/12/03 v2.7a package option processing (HA)

(/usr/share/texlive/texmf-dist/tex/generic/xkeyval/xkeyval.tex
(/usr/share/texlive/texmf-dist/tex/generic/xkeyval/xkvutils.tex
\XKV@toks=\toks15
\XKV@tempa@toks=\toks16
)
\XKV@depth=\count88
File: xkeyval.tex 2014/12/03 v2.7a key=value parser (HA)
))
(/usr/share/texlive/texmf-dist/tex/latex/adjustbox/adjcalc.sty
Package: adjcalc 2012/05/16 v1.1 Provides advanced setlength with multiple back
-ends (calc, etex, pgfmath)
)
(/usr/share/texlive/texmf-dist/tex/latex/adjustbox/trimclip.sty
Package: trimclip 2012/05/16 v1.0 Trim and clip general TeX material

(/usr/share/texlive/texmf-dist/tex/latex/collectbox/collectbox.sty
Package: collectbox 2012/05/17 v0.4b Collect macro arguments as boxes
\collectedbox=\box26
)
\tc@llx=\dimen105
\tc@lly=\dimen106
\tc@urx=\dimen107
\tc@ury=\dimen108
Package trimclip Info: Using driver 'tc-pdftex.def'.

(/usr/share/texlive/texmf-dist/tex/latex/adjustbox/tc-pdftex.def
File: tc-pdftex.def 2012/05/13 v1.0 Clipping driver for pdftex
))
\adjbox@Width=\dimen109
\adjbox@Height=\dimen110
\adjbox@Depth=\dimen111
\adjbox@Totalheight=\dimen112

(/usr/share/texlive/texmf-dist/tex/latex/ifoddpage/ifoddpage.sty
Package: ifoddpage 2011/09/13 v1.0 Conditionals for odd/even page detection
\c@checkoddpage=\count89
)
(/usr/share/texlive/texmf-dist/tex/latex/varwidth/varwidth.sty
Package: varwidth 2009/03/30 ver 0.92;  Variable-width minipages
\@vwid@box=\box27
\sift@deathcycles=\count90
\@vwid@loff=\dimen113
\@vwid@roff=\dimen114
))
(/usr/share/texlive/texmf-dist/tex/latex/caption/caption.sty
Package: caption 2016/02/21 v3.3-144 Customizing captions (AR)

(/usr/share/texlive/texmf-dist/tex/latex/caption/caption3.sty
Package: caption3 2016/02/04 v1.7-139 caption3 kernel (AR)
Package caption3 Info: TeX engine: e-TeX on input line 67.
\captionmargin=\dimen115
\captionmargin@=\dimen116
\captionwidth=\dimen117
\caption@tempdima=\dimen118
\caption@indent=\dimen119
\caption@parindent=\dimen120
\caption@hangindent=\dimen121
)
\c@ContinuedFloat=\count91
)
(/usr/share/texlive/texmf-dist/tex/latex/caption/subcaption.sty
Package: subcaption 2016/02/20 v1.1-142 Sub-captions (AR)
\c@subfigure=\count92
\c@subtable=\count93
)
(/usr/share/texlive/texmf-dist/tex/latex/setspace/setspace.sty
Package: setspace 2011/12/19 v6.7a set line spacing
)
(/usr/share/texlive/texmf-dist/tex/latex/hyperref/hyperref.sty
Package: hyperref 2012/11/06 v6.83m Hypertext links for LaTeX

(/usr/share/texlive/texmf-dist/tex/generic/oberdiek/hobsub-hyperref.sty
Package: hobsub-hyperref 2012/05/28 v1.13 Bundle oberdiek, subset hyperref (HO)


(/usr/share/texlive/texmf-dist/tex/generic/oberdiek/hobsub-generic.sty
Package: hobsub-generic 2012/05/28 v1.13 Bundle oberdiek, subset generic (HO)
Package: hobsub 2012/05/28 v1.13 Construct package bundles (HO)
Package hobsub Info: Skipping package `infwarerr' (already loaded).
Package hobsub Info: Skipping package `ltxcmds' (already loaded).
Package: ifluatex 2010/03/01 v1.3 Provides the ifluatex switch (HO)
Package ifluatex Info: LuaTeX not detected.
Package: ifvtex 2010/03/01 v1.5 Detect VTeX and its facilities (HO)
Package ifvtex Info: VTeX not detected.
Package: intcalc 2007/09/27 v1.1 Expandable calculations with integers (HO)
Package: ifpdf 2011/01/30 v2.3 Provides the ifpdf switch (HO)
Package ifpdf Info: pdfTeX in PDF mode is detected.
Package: etexcmds 2011/02/16 v1.5 Avoid name clashes with e-TeX commands (HO)
Package etexcmds Info: Could not find \expanded.
(etexcmds)             That can mean that you are not using pdfTeX 1.50 or
(etexcmds)             that some package has redefined \expanded.
(etexcmds)             In the latter case, load this package earlier.
Package: kvsetkeys 2012/04/25 v1.16 Key value parser (HO)
Package: kvdefinekeys 2011/04/07 v1.3 Define keys (HO)
Package: pdftexcmds 2011/11/29 v0.20 Utility functions of pdfTeX for LuaTeX (HO
)
Package pdftexcmds Info: LuaTeX not detected.
Package pdftexcmds Info: \pdf@primitive is available.
Package pdftexcmds Info: \pdf@ifprimitive is available.
Package pdftexcmds Info: \pdfdraftmode found.
Package: pdfescape 2011/11/25 v1.13 Implements pdfTeX's escape features (HO)
Package: bigintcalc 2012/04/08 v1.3 Expandable calculations on big integers (HO
)
Package: bitset 2011/01/30 v1.1 Handle bit-vector datatype (HO)
Package: uniquecounter 2011/01/30 v1.2 Provide unlimited unique counter (HO)
)
Package hobsub Info: Skipping package `hobsub' (already loaded).
Package: letltxmacro 2010/09/02 v1.4 Let assignment for LaTeX macros (HO)
Package: hopatch 2012/05/28 v1.2 Wrapper for package hooks (HO)
Package: xcolor-patch 2011/01/30 xcolor patch
Package: atveryend 2011/06/30 v1.8 Hooks at the very end of document (HO)
Package atveryend Info: \enddocument detected (standard20110627).
Package: atbegshi 2011/10/05 v1.16 At begin shipout hook (HO)
Package: refcount 2011/10/16 v3.4 Data extraction from label references (HO)
Package: hycolor 2011/01/30 v1.7 Color options for hyperref/bookmark (HO)
)
(/usr/share/texlive/texmf-dist/tex/generic/ifxetex/ifxetex.sty
Package: ifxetex 2010/09/12 v0.6 Provides ifxetex conditional
)
(/usr/share/texlive/texmf-dist/tex/latex/oberdiek/auxhook.sty
Package: auxhook 2011/03/04 v1.3 Hooks for auxiliary files (HO)
)
(/usr/share/texlive/texmf-dist/tex/latex/oberdiek/kvoptions.sty
Package: kvoptions 2011/06/30 v3.11 Key value format for package options (HO)
)
\@linkdim=\dimen122
\Hy@linkcounter=\count94
\Hy@pagecounter=\count95

(/usr/share/texlive/texmf-dist/tex/latex/hyperref/pd1enc.def
File: pd1enc.def 2012/11/06 v6.83m Hyperref: PDFDocEncoding definition (HO)
)
\Hy@SavedSpaceFactor=\count96

(/usr/share/texlive/texmf-dist/tex/latex/latexconfig/hyperref.cfg
File: hyperref.cfg 2002/06/06 v1.2 hyperref configuration of TeXLive
)
Package hyperref Info: Hyper figures OFF on input line 4443.
Package hyperref Info: Link nesting OFF on input line 4448.
Package hyperref Info: Hyper index ON on input line 4451.
Package hyperref Info: Plain pages OFF on input line 4458.
Package hyperref Info: Backreferencing OFF on input line 4463.
Package hyperref Info: Implicit mode ON; LaTeX internals redefined.
Package hyperref Info: Bookmarks ON on input line 4688.
\c@Hy@tempcnt=\count97

(/usr/share/texlive/texmf-dist/tex/latex/url/url.sty
\Urlmuskip=\muskip10
Package: url 2013/09/16  ver 3.4  Verb mode for urls, etc.
)
LaTeX Info: Redefining \url on input line 5041.
\XeTeXLinkMargin=\dimen123
\Fld@menulength=\count98
\Field@Width=\dimen124
\Fld@charsize=\dimen125
Package hyperref Info: Hyper figures OFF on input line 6295.
Package hyperref Info: Link nesting OFF on input line 6300.
Package hyperref Info: Hyper index ON on input line 6303.
Package hyperref Info: backreferencing OFF on input line 6310.
Package hyperref Info: Link coloring OFF on input line 6315.
Package hyperref Info: Link coloring with OCG OFF on input line 6320.
Package hyperref Info: PDF/A mode OFF on input line 6325.
LaTeX Info: Redefining \ref on input line 6365.
LaTeX Info: Redefining \pageref on input line 6369.
\Hy@abspage=\count99
\c@Item=\count100
\c@Hfootnote=\count101
)

Package hyperref Message: Driver (autodetected): hpdftex.

(/usr/share/texlive/texmf-dist/tex/latex/hyperref/hpdftex.def
File: hpdftex.def 2012/11/06 v6.83m Hyperref driver for pdfTeX
\Fld@listcount=\count102
\c@bookmark@seq@number=\count103

(/usr/share/texlive/texmf-dist/tex/latex/oberdiek/rerunfilecheck.sty
Package: rerunfilecheck 2011/04/15 v1.7 Rerun checks for auxiliary files (HO)
Package uniquecounter Info: New unique counter `rerunfilecheck' on input line 2
82.
)
\Hy@SectionHShift=\skip43
)
(./Project_Report.aux

LaTeX Warning: Label `fig:ERD' multiply defined.


LaTeX Warning: Label `fig:ERD' multiply defined.


LaTeX Warning: Label `fig:ERD' multiply defined.


LaTeX Warning: Label `fig:ERD' multiply defined.


LaTeX Warning: Label `fig:ERD' multiply defined.


LaTeX Warning: Label `fig:ERD' multiply defined.


LaTeX Warning: Label `fig:login' multiply defined.


LaTeX Warning: Label `fig:Appointment' multiply defined.


LaTeX Warning: Label `fig:Appointment' multiply defined.


LaTeX Warning: Label `fig:Appointment' multiply defined.


LaTeX Warning: Label `fig:Appointment' multiply defined.


LaTeX Warning: Label `fig:ERD' multiply defined.


LaTeX Warning: Label `fig:ERD' multiply defined.

)
\openout1 = `Project_Report.aux'.

LaTeX Font Info:    Checking defaults for OML/cmm/m/it on input line 11.
LaTeX Font Info:    ... okay on input line 11.
LaTeX Font Info:    Checking defaults for T1/cmr/m/n on input line 11.
LaTeX Font Info:    ... okay on input line 11.
LaTeX Font Info:    Checking defaults for OT1/cmr/m/n on input line 11.
LaTeX Font Info:    ... okay on input line 11.
LaTeX Font Info:    Checking defaults for OMS/cmsy/m/n on input line 11.
LaTeX Font Info:    ... okay on input line 11.
LaTeX Font Info:    Checking defaults for OMX/cmex/m/n on input line 11.
LaTeX Font Info:    ... okay on input line 11.
LaTeX Font Info:    Checking defaults for U/cmr/m/n on input line 11.
LaTeX Font Info:    ... okay on input line 11.
LaTeX Font Info:    Checking defaults for PD1/pdf/m/n on input line 11.
LaTeX Font Info:    ... okay on input line 11.
 (/usr/share/texlive/texmf-dist/tex/context/base/supp-pdf.mkii
[Loading MPS to PDF converter (version 2006.09.02).]
\scratchcounter=\count104
\scratchdimen=\dimen126
\scratchbox=\box28
\nofMPsegments=\count105
\nofMParguments=\count106
\everyMPshowfont=\toks17
\MPscratchCnt=\count107
\MPscratchDim=\dimen127
\MPnumerator=\count108
\makeMPintoPDFobject=\count109
\everyMPtoPDFconversion=\toks18
) (/usr/share/texlive/texmf-dist/tex/latex/oberdiek/epstopdf-base.sty
Package: epstopdf-base 2010/02/09 v2.5 Base part for package epstopdf

(/usr/share/texlive/texmf-dist/tex/latex/oberdiek/grfext.sty
Package: grfext 2010/08/19 v1.1 Manage graphics extensions (HO)
)
Package grfext Info: Graphics extension search list:
(grfext)             [.png,.pdf,.jpg,.mps,.jpeg,.jbig2,.jb2,.PNG,.PDF,.JPG,.JPE
G,.JBIG2,.JB2,.eps]
(grfext)             \AppendGraphicsExtensions on input line 452.

(/usr/share/texlive/texmf-dist/tex/latex/latexconfig/epstopdf-sys.cfg
File: epstopdf-sys.cfg 2010/07/13 v1.3 Configuration of (r)epstopdf for TeX Liv
e
))
Package caption Info: Begin \AtBeginDocument code.
Package caption Info: hyperref package is loaded.
Package caption Info: End \AtBeginDocument code.
\AtBeginShipoutBox=\box29
Package hyperref Info: Link coloring OFF on input line 11.

(/usr/share/texlive/texmf-dist/tex/latex/hyperref/nameref.sty
Package: nameref 2012/10/27 v2.43 Cross-referencing by name of section

(/usr/share/texlive/texmf-dist/tex/generic/oberdiek/gettitlestring.sty
Package: gettitlestring 2010/12/03 v1.4 Cleanup title references (HO)
)
\c@section@level=\count110
)
LaTeX Info: Redefining \ref on input line 11.
LaTeX Info: Redefining \pageref on input line 11.
LaTeX Info: Redefining \nameref on input line 11.

(./Project_Report.out) (./Project_Report.out)
\@outlinefile=\write3
\openout3 = `Project_Report.out'.

 [1

{/var/lib/texmf/fonts/map/pdftex/updmap/pdftex.map}] (./Project_Report.toc
LaTeX Font Info:    External font `cmex10' loaded for size
(Font)              <10.95> on input line 2.
LaTeX Font Info:    External font `cmex10' loaded for size
(Font)              <8> on input line 2.
LaTeX Font Info:    External font `cmex10' loaded for size
(Font)              <6> on input line 2.
pdfTeX warning (ext4): destination with the same identifier (name{page.1}) has 
been already used, duplicate ignored
<to be read again> 
                   \relax 
l.31 ...4}Project Constraints}{22}{subsection.3.4}
                                                   [1])
\tf@toc=\write4
\openout4 = `Project_Report.toc'.

 [2] [3]
LaTeX Font Info:    Try loading font information for OMS+cmr on input line 43.

(/usr/share/texlive/texmf-dist/tex/latex/base/omscmr.fd
File: omscmr.fd 2014/09/29 v2.5h Standard LaTeX font definitions
)
LaTeX Font Info:    Font shape `OMS/cmr/m/n' in size <10.95> not available
(Font)              Font shape `OMS/cmsy/m/n' tried instead on input line 43.
 [4]
Overfull \hbox (5.43306pt too wide) in paragraph at lines 83--100
[] 
 []

[5]
Overfull \hbox (4.17911pt too wide) in paragraph at lines 106--108
[]\OT1/cmr/m/n/10.95 https://www.bmc.com/blogs/software-requirements-specificat
ion-how-
 []

[6] [7] <new_patient_paper_form.jpeg, id=275, 893.3375pt x 1284.8pt>
File: new_patient_paper_form.jpeg Graphic file (type jpg)

<use new_patient_paper_form.jpeg>
Package pdftex.def Info: new_patient_paper_form.jpeg used on input line 187.
(pdftex.def)             Requested size: 259.20197pt x 372.7785pt.

<patient_paper_form_med.jpeg, id=276, 987.69pt x 1284.8pt>
File: patient_paper_form_med.jpeg Graphic file (type jpg)

<use patient_paper_form_med.jpeg>
Package pdftex.def Info: patient_paper_form_med.jpeg used on input line 193.
(pdftex.def)             Requested size: 259.20197pt x 337.15723pt.

Overfull \hbox (43.19977pt too wide) in paragraph at lines 193--194
 [][] 
 []


Overfull \hbox (72.0044pt too wide) in paragraph at lines 185--197
 []$[]$$[]$ 
 []

[8] [9 <./new_patient_paper_form.jpeg> <./patient_paper_form_med.jpeg>]

Package hyperref Warning: Difference (2) between bookmark levels is greater 
(hyperref)                than one, level fixed on input line 207.

<architecture.png, id=286, 1516.66624pt x 1357.07pt>
File: architecture.png Graphic file (type png)
 <use architecture.png>
Package pdftex.def Info: architecture.png used on input line 212.
(pdftex.def)             Requested size: 431.9989pt x 386.5412pt.

Overfull \hbox (71.9989pt too wide) in paragraph at lines 212--213
 [][] 
 []

<Logical_view.png, id=288, 1537.745pt x 964.60374pt>
File: Logical_view.png Graphic file (type png)
 <use Logical_view.png>
Package pdftex.def Info: Logical_view.png used on input line 217.
(pdftex.def)             Requested size: 431.9989pt x 270.98505pt.


LaTeX Warning: `h' float specifier changed to `ht'.

[10 <./architecture.png>] <PATIENT_TABLE.png, id=295, 650.43pt x 294.09875pt>
File: PATIENT_TABLE.png Graphic file (type png)

<use PATIENT_TABLE.png>
Package pdftex.def Info: PATIENT_TABLE.png used on input line 226.
(pdftex.def)             Requested size: 288.0011pt x 130.22507pt.


LaTeX Warning: `h' float specifier changed to `ht'.

<DOCTOR_TABLE.png, id=296, 660.4675pt x 219.82124pt>
File: DOCTOR_TABLE.png Graphic file (type png)
 <use DOCTOR_TABLE.png>
Package pdftex.def Info: DOCTOR_TABLE.png used on input line 232.
(pdftex.def)             Requested size: 251.9989pt x 83.8717pt.


LaTeX Warning: `h' float specifier changed to `ht'.

<APPOINTMENT_TABLE.png, id=297, 669.50125pt x 218.8175pt>
File: APPOINTMENT_TABLE.png Graphic file (type png)

<use APPOINTMENT_TABLE.png>
Package pdftex.def Info: APPOINTMENT_TABLE.png used on input line 239.
(pdftex.def)             Requested size: 360.0pt x 117.66553pt.


LaTeX Warning: `h' float specifier changed to `ht'.


LaTeX Warning: File `Dentist ERD.png' not found on input line 248.

<Dentist ERD.png, id=298, 766.865pt x 557.08125pt>
File: Dentist ERD.png Graphic file (type png)
 <use Dentist ERD.png>
Package pdftex.def Info: Dentist ERD.png used on input line 248.
(pdftex.def)             Requested size: 360.0pt x 261.52222pt.


LaTeX Warning: `h' float specifier changed to `ht'.

[11 <./Logical_view.png>] [12 <./PATIENT_TABLE.png> <./DOCTOR_TABLE.png>]
[13 <./APPOINTMENT_TABLE.png>] [14 <./Dentist ERD.png>]
Overfull \hbox (5.43306pt too wide) in paragraph at lines 345--361
[]
 []


Underfull \hbox (badness 10000) in paragraph at lines 345--361

 []


Underfull \hbox (badness 10000) in paragraph at lines 345--361

 []


Underfull \hbox (badness 10000) in paragraph at lines 345--361

 []


Underfull \hbox (badness 3302) in paragraph at lines 368--368
\OT1/cmr/m/n/10.95 data.This in-cludes when
 []


LaTeX Warning: Command \textless invalid in math mode on input line 368.

LaTeX Font Info:    Try loading font information for OML+cmr on input line 368.

(/usr/share/texlive/texmf-dist/tex/latex/base/omlcmr.fd
File: omlcmr.fd 2014/09/29 v2.5h Standard LaTeX font definitions
)
LaTeX Font Info:    Font shape `OML/cmr/m/n' in size <10.95> not available
(Font)              Font shape `OML/cmm/m/it' tried instead on input line 368.


LaTeX Warning: Command \textless invalid in math mode on input line 368.


LaTeX Warning: Command \textless invalid in math mode on input line 368.


LaTeX Warning: Command \textless invalid in math mode on input line 368.


LaTeX Warning: Command \textgreater invalid in math mode on input line 368.


LaTeX Warning: Command \textgreater invalid in math mode on input line 368.


LaTeX Warning: Command \textgreater invalid in math mode on input line 368.


LaTeX Warning: Command \textgreater invalid in math mode on input line 368.


Underfull \hbox (badness 10000) in paragraph at lines 368--369
[]\OT1/cmr/m/n/10.95 Invoked by the Up-
 []


Underfull \hbox (badness 8132) in paragraph at lines 368--369
\OT1/cmr/m/n/10.95 date Pa-tient use case.
 []


Underfull \hbox (badness 10000) in paragraph at lines 368--369
[][]$\OT1/cmr/m/n/10.95 include$[][]$ re-la-tion-
 []


Underfull \hbox (badness 1325) in paragraph at lines 370--370
[]\OT1/cmr/m/n/10.95 The Re-cep-tion-ist or Pa-
 []


LaTeX Warning: Command \textless invalid in math mode on input line 370.


LaTeX Warning: Command \textless invalid in math mode on input line 370.


LaTeX Warning: Command \textless invalid in math mode on input line 370.


LaTeX Warning: Command \textless invalid in math mode on input line 370.


LaTeX Warning: Command \textgreater invalid in math mode on input line 370.


LaTeX Warning: Command \textgreater invalid in math mode on input line 370.


LaTeX Warning: Command \textgreater invalid in math mode on input line 370.


LaTeX Warning: Command \textgreater invalid in math mode on input line 370.


Underfull \hbox (badness 4819) in paragraph at lines 370--371
\OT1/cmr/m/n/10.95 Read Pa-tient use case.
 []


Underfull \hbox (badness 10000) in paragraph at lines 374--374
[]\OT1/cmr/bx/n/10.95 Create Ap-
 []


Underfull \hbox (badness 10000) in paragraph at lines 374--374
[]\OT1/cmr/m/n/10.95 The Pa-tient,Receptionist
 []


Underfull \hbox (badness 5175) in paragraph at lines 374--374
\OT1/cmr/m/n/10.95 or Doc-tor will in-ter-act
 []


LaTeX Warning: Command \textless invalid in math mode on input line 381.


LaTeX Warning: Command \textless invalid in math mode on input line 381.


LaTeX Warning: Command \textless invalid in math mode on input line 381.


LaTeX Warning: Command \textless invalid in math mode on input line 381.


LaTeX Warning: Command \textgreater invalid in math mode on input line 381.


LaTeX Warning: Command \textgreater invalid in math mode on input line 381.


LaTeX Warning: Command \textgreater invalid in math mode on input line 381.


LaTeX Warning: Command \textgreater invalid in math mode on input line 381.


LaTeX Warning: Command \textless invalid in math mode on input line 383.


LaTeX Warning: Command \textless invalid in math mode on input line 383.


LaTeX Warning: Command \textless invalid in math mode on input line 383.


LaTeX Warning: Command \textless invalid in math mode on input line 383.


LaTeX Warning: Command \textgreater invalid in math mode on input line 383.


LaTeX Warning: Command \textgreater invalid in math mode on input line 383.


LaTeX Warning: Command \textgreater invalid in math mode on input line 383.


LaTeX Warning: Command \textgreater invalid in math mode on input line 383.


Underfull \hbox (badness 4543) in paragraph at lines 383--384
\OT1/cmr/m/n/10.95 Read Ad-min-is-tra-tor use
 []


Underfull \hbox (badness 10000) in paragraph at lines 385--385
[]\OT1/cmr/bx/n/10.95 Archive Ad-
 []


Underfull \hbox (badness 1629) in paragraph at lines 385--385
\OT1/cmr/m/n/10.95 Ad-min-is-tra-tor to archive
 []


Overfull \hbox (34.43306pt too wide) in paragraph at lines 362--393
[][]
 []


Overfull \hbox (17.43306pt too wide) in paragraph at lines 362--393
[] 
 []

[15] [16]
Overfull \vbox (16.49973pt too high) has occurred while \output is active []


[17]
Underfull \hbox (badness 6725) in paragraph at lines 396--396
[]\OT1/cmr/m/n/10.95 The Doc-tor will in-ter-
 []


Underfull \hbox (badness 2735) in paragraph at lines 396--396
\OT1/cmr/m/n/10.95 act with this use case.
 []


LaTeX Warning: Command \textless invalid in math mode on input line 396.


LaTeX Warning: Command \textless invalid in math mode on input line 396.


LaTeX Warning: Command \textless invalid in math mode on input line 396.


LaTeX Warning: Command \textless invalid in math mode on input line 396.


LaTeX Warning: Command \textgreater invalid in math mode on input line 396.


LaTeX Warning: Command \textgreater invalid in math mode on input line 396.


LaTeX Warning: Command \textgreater invalid in math mode on input line 396.


LaTeX Warning: Command \textgreater invalid in math mode on input line 396.


Underfull \hbox (badness 10000) in paragraph at lines 398--398
[]\OT1/cmr/m/n/10.95 The Doc-tor,Patient or
 []


Underfull \hbox (badness 10000) in paragraph at lines 398--398
\OT1/cmr/m/n/10.95 In-volves view-ing and
 []


LaTeX Warning: Command \textless invalid in math mode on input line 398.


LaTeX Warning: Command \textless invalid in math mode on input line 398.


LaTeX Warning: Command \textless invalid in math mode on input line 398.


LaTeX Warning: Command \textless invalid in math mode on input line 398.


LaTeX Warning: Command \textgreater invalid in math mode on input line 398.


LaTeX Warning: Command \textgreater invalid in math mode on input line 398.


LaTeX Warning: Command \textgreater invalid in math mode on input line 398.


LaTeX Warning: Command \textgreater invalid in math mode on input line 398.


LaTeX Warning: Command \textless invalid in math mode on input line 400.


LaTeX Warning: Command \textless invalid in math mode on input line 400.


LaTeX Warning: Command \textless invalid in math mode on input line 400.


LaTeX Warning: Command \textless invalid in math mode on input line 400.


LaTeX Warning: Command \textgreater invalid in math mode on input line 400.


LaTeX Warning: Command \textgreater invalid in math mode on input line 400.


LaTeX Warning: Command \textgreater invalid in math mode on input line 400.


LaTeX Warning: Command \textgreater invalid in math mode on input line 400.


Underfull \hbox (badness 6236) in paragraph at lines 400--401
\OT1/cmr/m/n/10.95 Read Doc-tor use case.
 []


Underfull \hbox (badness 1354) in paragraph at lines 402--402
\OT1/cmr/m/n/10.95 end of em-ploy-ment con-
 []


Underfull \hbox (badness 10000) in paragraph at lines 404--404
[]\OT1/cmr/bx/n/10.95 Generate Re-
 []


Overfull \hbox (34.43306pt too wide) in paragraph at lines 394--407
[][] 
 []


Underfull \hbox (badness 10000) in paragraph at lines 417--417
[]\OT1/cmr/bx/n/10.95 Triggering
 []


Underfull \hbox (badness 10000) in paragraph at lines 419--419
[]\OT1/cmr/bx/n/10.95 Brief de-scrip-
 []


Underfull \hbox (badness 10000) in paragraph at lines 423--423
[]\OT1/cmr/bx/n/10.95 Related use
 []


Underfull \hbox (badness 10000) in paragraph at lines 425--425
[]\OT1/cmr/bx/n/10.95 Stakeholders
 []


Overfull \hbox (5.43306pt too wide) in paragraph at lines 411--432
[] 
 []

[18] [19]
Overfull \vbox (46.37257pt too high) has occurred while \output is active []


[20]
Underfull \hbox (badness 10000) in paragraph at lines 440--440
[]\OT1/cmr/bx/n/10.95 Triggering
 []


Underfull \hbox (badness 10000) in paragraph at lines 442--442
[]\OT1/cmr/bx/n/10.95 Brief de-scrip-
 []


Underfull \hbox (badness 10000) in paragraph at lines 446--446
[]\OT1/cmr/bx/n/10.95 Related use
 []


Underfull \hbox (badness 1365) in paragraph at lines 446--447
[]\OT1/cmr/m/n/10.95 Read Pa-tient (in-cludes), cre-ate con-sul-ta-tion (ex-
 []


Underfull \hbox (badness 10000) in paragraph at lines 448--448
[]\OT1/cmr/bx/n/10.95 Stakeholders
 []


Overfull \hbox (5.43306pt too wide) in paragraph at lines 434--455
[] 
 []

[21]

LaTeX Warning: File `Use Case Diagram.png' not found on input line 460.

<Use Case Diagram.png, id=357, 675.52374pt x 754.82pt>
File: Use Case Diagram.png Graphic file (type png)

<use Use Case Diagram.png>
Package pdftex.def Info: Use Case Diagram.png used on input line 460.
(pdftex.def)             Requested size: 337.76105pt x 377.40909pt.

Overfull \hbox (69.55864pt too wide) in paragraph at lines 460--461
 [][] 
 []

Missing character: There is no ‚ in font cmr10!
Missing character: There is no Ä in font cmr10!
Missing character: There is no ú in font cmr10!
Missing character: There is no ‚ in font cmr10!
Missing character: There is no Ä in font cmr10!
Missing character: There is no ù in font cmr10!
[22 <./Use Case Diagram.png>] [23] [24]
<PriorityList.png, id=373, 610.28pt x 338.26375pt>
File: PriorityList.png Graphic file (type png)
 <use PriorityList.png>
Package pdftex.def Info: PriorityList.png used on input line 546.
(pdftex.def)             Requested size: 360.0pt x 199.54807pt.

<final.png, id=374, 723.70375pt x 482.80376pt>
File: final.png Graphic file (type png)
 <use final.png>
Package pdftex.def Info: final.png used on input line 555.
(pdftex.def)             Requested size: 360.0pt x 240.17099pt.
 [25 <./PriorityList.png>] [26 <./final.png>] <sprint1.PNG, id=386, 361.35pt x 
216.81pt>
File: sprint1.PNG Graphic file (type png)

<use sprint1.PNG>
Package pdftex.def Info: sprint1.PNG used on input line 564.
(pdftex.def)             Requested size: 360.0pt x 216.00224pt.
 [27 <./sprint1.PNG>] [28]
<sprint2.png, id=397, 717.68124pt x 427.5975pt>
File: sprint2.png Graphic file (type png)
 <use sprint2.png>
Package pdftex.def Info: sprint2.png used on input line 574.
(pdftex.def)             Requested size: 360.0pt x 214.49635pt.

<sprint3.PNG, id=398, 360.59718pt x 218.31563pt>
File: sprint3.PNG Graphic file (type png)
 <use sprint3.PNG>
Package pdftex.def Info: sprint3.PNG used on input line 583.
(pdftex.def)             Requested size: 360.0pt x 217.95529pt.


LaTeX Warning: `h' float specifier changed to `ht'.

[29 <./sprint2.png>] [30 <./sprint3.PNG>]
<login.png, id=411, 401.5pt x 316.18124pt>
File: login.png Graphic file (type png)
 <use login.png>
Package pdftex.def Info: login.png used on input line 601.
(pdftex.def)             Requested size: 251.9989pt x 198.45226pt.


LaTeX Warning: Hyper reference `sec:system_testing' on page 31 undefined on inp
ut line 608.


LaTeX Warning: File `UI_create_ patient.png' not found on input line 611.

<UI_create_ patient.png, id=412, 739.76375pt x 488.82625pt>
File: UI_create_ patient.png Graphic file (type png)

<use UI_create_ patient.png>
Package pdftex.def Info: UI_create_ patient.png used on input line 611.
(pdftex.def)             Requested size: 360.0pt x 237.886pt.


LaTeX Warning: `h' float specifier changed to `ht'.


LaTeX Warning: File `new dentist.png' not found on input line 619.

<new dentist.png, id=413, 439.6425pt x 402.50375pt>
File: new dentist.png Graphic file (type png)
 <use new dentist.png>
Package pdftex.def Info: new dentist.png used on input line 619.
(pdftex.def)             Requested size: 360.0pt x 329.60072pt.


LaTeX Warning: `h' float specifier changed to `ht'.

<patientmedicalcond.png, id=414, 917.4275pt x 435.6275pt>
File: patientmedicalcond.png Graphic file (type png)

<use patientmedicalcond.png>
Package pdftex.def Info: patientmedicalcond.png used on input line 626.
(pdftex.def)             Requested size: 360.0pt x 170.94429pt.

<new_receptionist.png, id=415, 593.21625pt x 346.29375pt>
File: new_receptionist.png Graphic file (type png)

<use new_receptionist.png>
Package pdftex.def Info: new_receptionist.png used on input line 632.
(pdftex.def)             Requested size: 360.0pt x 210.16093pt.
 [31

 <./login.png>]

LaTeX Warning: `h' float specifier changed to `ht'.


LaTeX Warning: `h' float specifier changed to `ht'.

<new_appointment.png, id=422, 920.43875pt x 479.7925pt>
File: new_appointment.png Graphic file (type png)

<use new_appointment.png>
Package pdftex.def Info: new_appointment.png used on input line 639.
(pdftex.def)             Requested size: 360.0pt x 187.66006pt.


LaTeX Warning: `h' float specifier changed to `ht'.

<appointment_table_php.png, id=423, 1311.90125pt x 586.19pt>
File: appointment_table_php.png Graphic file (type png)

<use appointment_table_php.png>
Package pdftex.def Info: appointment_table_php.png used on input line 648.
(pdftex.def)             Requested size: 360.0pt x 160.85838pt.


LaTeX Warning: `h' float specifier changed to `ht'.

<consultation.png, id=424, 736.7525pt x 457.71pt>
File: consultation.png Graphic file (type png)
 <use consultation.png>
Package pdftex.def Info: consultation.png used on input line 655.
(pdftex.def)             Requested size: 360.0pt x 223.65129pt.


LaTeX Warning: `h' float specifier changed to `ht'.

File: patientmedicalcond.png Graphic file (type png)
<use patientmedicalcond.png>
Package pdftex.def Info: patientmedicalcond.png used on input line 662.
(pdftex.def)             Requested size: 431.9989pt x 205.13048pt.

Overfull \hbox (71.9989pt too wide) in paragraph at lines 662--663
 [][] 
 []


LaTeX Warning: `h' float specifier changed to `ht'.

[32 <./UI_create_ patient.png>] [33 <./new dentist.png>] [34 <./patientmedicalc
ond.png> <./new_receptionist.png>] [35 <./new_appointment.png> <./appointment_t
able_php.png>] [36 <./consultation.png>]
<Logins.png, id=462, 737.75626pt x 391.4625pt>
File: Logins.png Graphic file (type png)
 <use Logins.png>
Package pdftex.def Info: Logins.png used on input line 693.
(pdftex.def)             Requested size: 360.0pt x 191.01788pt.


LaTeX Warning: `h' float specifier changed to `ht'.

[37

] <register.png, id=467, 758.835pt x 203.76125pt>
File: register.png Graphic file (type png)
 <use register.png>
Package pdftex.def Info: register.png used on input line 702.
(pdftex.def)             Requested size: 360.0pt x 96.66634pt.
Package atveryend Info: Empty hook `BeforeClearDocument' on input line 710.

[38 <./Logins.png> <./register.png>]
Package atveryend Info: Empty hook `AfterLastShipout' on input line 710.
 (./Project_Report.aux)
Package atveryend Info: Executing hook `AtVeryEndDocument' on input line 710.
Package atveryend Info: Executing hook `AtEndAfterFileList' on input line 710.
Package rerunfilecheck Info: File `Project_Report.out' has not changed.
(rerunfilecheck)             Checksum: 8B74F8C945A43DC86432C14EE8437865;3198.


LaTeX Warning: There were undefined references.


LaTeX Warning: There were multiply-defined labels.

Package atveryend Info: Empty hook `AtVeryVeryEnd' on input line 710.
 ) 
Here is how much of TeX's memory you used:
 7236 strings out of 493029
 112656 string characters out of 6136234
 202820 words of memory out of 5000000
 10568 multiletter control sequences out of 15000+600000
 8503 words of font info for 30 fonts, out of 8000000 for 9000
 1141 hyphenation exceptions out of 8191
 53i,10n,92p,690b,540s stack positions out of 5000i,500n,10000p,200000b,80000s
</usr/share/texlive/texmf-dist/fonts/type1/public/amsfonts/cm/cmbx10.pfb></us
r/share/texlive/texmf-dist/fonts/type1/public/amsfonts/cm/cmbx12.pfb></usr/shar
e/texlive/texmf-dist/fonts/type1/public/amsfonts/cm/cmmi10.pfb></usr/share/texl
ive/texmf-dist/fonts/type1/public/amsfonts/cm/cmr10.pfb></usr/share/texlive/tex
mf-dist/fonts/type1/public/amsfonts/cm/cmr12.pfb></usr/share/texlive/texmf-dist
/fonts/type1/public/amsfonts/cm/cmr17.pfb></usr/share/texlive/texmf-dist/fonts/
type1/public/amsfonts/cm/cmsy10.pfb>
Output written on Project_Report.pdf (39 pages, 1250124 bytes).
PDF statistics:
 527 PDF objects out of 1000 (max. 8388607)
 432 compressed objects within 5 object streams
 110 named destinations out of 1000 (max. 500000)
 489 words of extra memory for PDF output out of 10000 (max. 10000000)

